#Build: Fabric Compiler 2020.2-Lite, Build 59895, Jul 24 10:52 2020
#Install: D:\pango\PDS_2020.2-Lite\bin
#Application name: pds_shell
#OS: Windows 10 10.0.22000
#Hostname: LAPTOP-3DR578RQ
Generated by Fabric Compiler (version 2020.2-Lite build 59895) at Mon Jul 17 18:52:28 2023
Compiling verification operator library.
Compiling common defs.
Compiling prim grid devices.
Compiling gate devices.
Compiling gate operators.
Building architecture model.
Loading device packaging model 'MBG324'.
I: Parameter configuration file D:/VERILOG/smart_car/prj/testparam.txt cannot open.
Starting placement and routing flow. (CPU time elapsed 0h:00m:00s)
Reading design from devmap DB.
Building architecture floorplan logic view.
Executing : apply_constraint -f D:/VERILOG/smart_car/prj/device_map/flow_led.pcf
Executing : def_port l1 -LOC D4 -IOSTANDARD LVCMOS33 -VCCIO 3.3 -DRIVE 4 -SLEW SLOW
Executing : def_port l1 -LOC D4 -IOSTANDARD LVCMOS33 -VCCIO 3.3 -DRIVE 4 -SLEW SLOW successfully.
Executing : def_port l2 -LOC C6 -IOSTANDARD LVCMOS33 -VCCIO 3.3 -DRIVE 4 -SLEW SLOW
Executing : def_port l2 -LOC C6 -IOSTANDARD LVCMOS33 -VCCIO 3.3 -DRIVE 4 -SLEW SLOW successfully.
Executing : def_port l3 -LOC A5 -IOSTANDARD LVCMOS33 -VCCIO 3.3 -DRIVE 4 -SLEW SLOW
Executing : def_port l3 -LOC A5 -IOSTANDARD LVCMOS33 -VCCIO 3.3 -DRIVE 4 -SLEW SLOW successfully.
Executing : def_port l4 -LOC D6 -IOSTANDARD LVCMOS33 -VCCIO 3.3 -DRIVE 4 -SLEW SLOW
Executing : def_port l4 -LOC D6 -IOSTANDARD LVCMOS33 -VCCIO 3.3 -DRIVE 4 -SLEW SLOW successfully.
Executing : def_port nr_a -LOC F8 -IOSTANDARD LVCMOS33 -VCCIO 3.3 -DRIVE 4 -SLEW SLOW
Executing : def_port nr_a -LOC F8 -IOSTANDARD LVCMOS33 -VCCIO 3.3 -DRIVE 4 -SLEW SLOW successfully.
Executing : def_port nr_a_led -LOC F3 -IOSTANDARD LVCMOS15 -VCCIO 1.5 -DRIVE 4 -SLEW SLOW
Executing : def_port nr_a_led -LOC F3 -IOSTANDARD LVCMOS15 -VCCIO 1.5 -DRIVE 4 -SLEW SLOW successfully.
Executing : def_port nr_b -LOC E6 -IOSTANDARD LVCMOS33 -VCCIO 3.3 -DRIVE 4 -SLEW SLOW
Executing : def_port nr_b -LOC E6 -IOSTANDARD LVCMOS33 -VCCIO 3.3 -DRIVE 4 -SLEW SLOW successfully.
Executing : def_port nr_b_led -LOC J6 -IOSTANDARD LVCMOS15 -VCCIO 1.5 -DRIVE 4 -SLEW SLOW
Executing : def_port nr_b_led -LOC J6 -IOSTANDARD LVCMOS15 -VCCIO 1.5 -DRIVE 4 -SLEW SLOW successfully.
Executing : def_port pwm1 -LOC R13 -IOSTANDARD LVCMOS33 -VCCIO 3.3 -DRIVE 4 -SLEW SLOW
Executing : def_port pwm1 -LOC R13 -IOSTANDARD LVCMOS33 -VCCIO 3.3 -DRIVE 4 -SLEW SLOW successfully.
Executing : def_port pwm2 -LOC B6 -IOSTANDARD LVCMOS33 -VCCIO 3.3 -DRIVE 4 -SLEW SLOW
Executing : def_port pwm2 -LOC B6 -IOSTANDARD LVCMOS33 -VCCIO 3.3 -DRIVE 4 -SLEW SLOW successfully.
Executing : def_port pwm3 -LOC B7 -IOSTANDARD LVCMOS33 -VCCIO 3.3 -DRIVE 4 -SLEW SLOW
Executing : def_port pwm3 -LOC B7 -IOSTANDARD LVCMOS33 -VCCIO 3.3 -DRIVE 4 -SLEW SLOW successfully.
Executing : def_port pwm4 -LOC A8 -IOSTANDARD LVCMOS33 -VCCIO 3.3 -DRIVE 4 -SLEW SLOW
Executing : def_port pwm4 -LOC A8 -IOSTANDARD LVCMOS33 -VCCIO 3.3 -DRIVE 4 -SLEW SLOW successfully.
Executing : def_port pwm_ab -LOC P13 -IOSTANDARD LVCMOS33 -VCCIO 3.3 -DRIVE 4 -SLEW SLOW
Executing : def_port pwm_ab -LOC P13 -IOSTANDARD LVCMOS33 -VCCIO 3.3 -DRIVE 4 -SLEW SLOW successfully.
Executing : def_port rgb_p -LOC V16 -IOSTANDARD LVCMOS33 -VCCIO 3.3 -DRIVE 4 -SLEW SLOW
Executing : def_port rgb_p -LOC V16 -IOSTANDARD LVCMOS33 -VCCIO 3.3 -DRIVE 4 -SLEW SLOW successfully.
Executing : def_port trig -LOC E7 -IOSTANDARD LVTTL33 -VCCIO 3.3 -DRIVE 4 -SLEW SLOW
Executing : def_port trig -LOC E7 -IOSTANDARD LVTTL33 -VCCIO 3.3 -DRIVE 4 -SLEW SLOW successfully.
Executing : def_port a -LOC C8 -IOSTANDARD LVCMOS33 -VCCIO 3.3
C: ConstraintEditor-2002: [D:/VERILOG/smart_car/prj/device_map/flow_led.pcf(line number: 18)] | Port a has been placed at location C8, whose type is share pin.
Executing : def_port a -LOC C8 -IOSTANDARD LVCMOS33 -VCCIO 3.3 successfully.
Executing : def_port b -LOC E8 -IOSTANDARD LVCMOS33 -VCCIO 3.3
C: ConstraintEditor-2002: [D:/VERILOG/smart_car/prj/device_map/flow_led.pcf(line number: 19)] | Port b has been placed at location E8, whose type is share pin.
Executing : def_port b -LOC E8 -IOSTANDARD LVCMOS33 -VCCIO 3.3 successfully.
Executing : def_port echo_a -LOC F7 -IOSTANDARD LVCMOS33 -VCCIO 3.3
Executing : def_port echo_a -LOC F7 -IOSTANDARD LVCMOS33 -VCCIO 3.3 successfully.
Executing : def_port echo_b -LOC E5 -IOSTANDARD LVCMOS33 -VCCIO 3.3
Executing : def_port echo_b -LOC E5 -IOSTANDARD LVCMOS33 -VCCIO 3.3 successfully.
Executing : def_port echo_en_n -LOC D8 -IOSTANDARD LVCMOS33 -VCCIO 3.3
C: ConstraintEditor-2002: [D:/VERILOG/smart_car/prj/device_map/flow_led.pcf(line number: 22)] | Port echo_en_n has been placed at location D8, whose type is share pin.
Executing : def_port echo_en_n -LOC D8 -IOSTANDARD LVCMOS33 -VCCIO 3.3 successfully.
Executing : def_port en_ab -LOC T13 -IOSTANDARD LVCMOS33 -VCCIO 3.3
Executing : def_port en_ab -LOC T13 -IOSTANDARD LVCMOS33 -VCCIO 3.3 successfully.
Executing : def_port p1 -LOC U10 -IOSTANDARD LVCMOS33 -VCCIO 3.3
Executing : def_port p1 -LOC U10 -IOSTANDARD LVCMOS33 -VCCIO 3.3 successfully.
Executing : def_port p2 -LOC R17 -IOSTANDARD LVCMOS33 -VCCIO 3.3
Executing : def_port p2 -LOC R17 -IOSTANDARD LVCMOS33 -VCCIO 3.3 successfully.
Executing : def_port p3 -LOC R18 -IOSTANDARD LVCMOS33 -VCCIO 3.3
Executing : def_port p3 -LOC R18 -IOSTANDARD LVCMOS33 -VCCIO 3.3 successfully.
Executing : def_port sys_clk -LOC B5 -IOSTANDARD LVCMOS33 -VCCIO 3.3 -BUS_KEEPER PULLUP
Executing : def_port sys_clk -LOC B5 -IOSTANDARD LVCMOS33 -VCCIO 3.3 -BUS_KEEPER PULLUP successfully.
Executing : def_port sys_rst_n -LOC G5 -IOSTANDARD LVCMOS15 -VCCIO 1.5 -BUS_KEEPER PULLUP
Executing : def_port sys_rst_n -LOC G5 -IOSTANDARD LVCMOS15 -VCCIO 1.5 -BUS_KEEPER PULLUP successfully.
Executing : apply_constraint -f D:/VERILOG/smart_car/prj/device_map/flow_led.pcf successfully.

Placement started.
Mapping instance clkbufg_0/gopclkbufg to USCM_74_104.
Pre global placement takes 1.78 sec.
Run super clustering :
	Initial slack 989589.
	1 iterations finished.
	Final slack 989589.
Super clustering done.
Design Utilization : 2%.
Global placement takes 0.19 sec.
Wirelength after global placement is 2832.
Placed fixed group with base inst a_ibuf/opit_1 on IOL_7_362.
Placed fixed group with base inst b_ibuf/opit_1 on IOL_7_366.
Placed fixed instance clkbufg_0/gopclkbufg on USCM_74_104.
Placed fixed group with base inst echo_a_ibuf/opit_1 on IOL_7_294.
Placed fixed group with base inst echo_b_ibuf/opit_1 on IOL_7_326.
Placed fixed group with base inst echo_en_n_ibuf/opit_1 on IOL_7_361.
Placed fixed group with base inst en_ab_ibuf/opit_1 on IOL_151_13.
Placed fixed group with base inst l1_obuf/opit_1 on IOL_7_333.
Placed fixed group with base inst l2_obuf/opit_1 on IOL_7_358.
Placed fixed group with base inst l3_obuf/opit_1 on IOL_7_297.
Placed fixed group with base inst l4_obuf/opit_1 on IOL_7_357.
Placed fixed group with base inst nr_a_led_obuf/opit_1 on IOL_7_229.
Placed fixed group with base inst nr_a_obuf/opit_1 on IOL_7_293.
Placed fixed group with base inst nr_b_led_obuf/opit_1 on IOL_7_226.
Placed fixed group with base inst nr_b_obuf/opit_1 on IOL_7_325.
Placed fixed group with base inst p1_ibuf/opit_1 on IOL_151_114.
Placed fixed group with base inst p2_ibuf/opit_1 on IOL_151_50.
Placed fixed group with base inst p3_ibuf/opit_1 on IOL_151_49.
Placed fixed group with base inst pwm1_obuf/opit_1 on IOL_151_14.
Placed fixed group with base inst pwm2_obuf/opit_1 on IOL_7_322.
Placed fixed group with base inst pwm3_obuf/opit_1 on IOL_7_330.
Placed fixed group with base inst pwm4_obuf/opit_1 on IOL_7_349.
Placed fixed group with base inst pwm_ab_obuf/opit_1 on IOL_151_10.
Placed fixed group with base inst rgb_p_obuf/opit_1 on IOL_151_22.
Placed fixed group with base inst sys_clk_ibuf/opit_1 on IOL_7_298.
Placed fixed group with base inst sys_rst_n_ibuf/opit_1 on IOL_7_241.
Placed fixed group with base inst trig_obuf/opit_1 on IOL_7_365.
Placed fixed instance BKCL_auto_0 on BKCL_2_268.
Placed fixed instance BKCL_auto_1 on BKCL_2_144.
Placed fixed instance BKCL_auto_2 on BKCL_154_20.
Wirelength after Macro cell placement is 2832.
Macro cell placement takes 0.00 sec.
Run super clustering :
	Initial slack 989589.
	1 iterations finished.
	Final slack 989589.
Super clustering done.
Design Utilization : 2%.
Wirelength after post global placement is 2832.
Post global placement takes 0.25 sec.
Wirelength after legalization is 3160.
Legalization takes 0.08 sec.
Worst slack before Replication Place is 995510.
Wirelength after replication placement is 3160.
Legalized cost 995510.000000.
The detailed placement ends at 10th iteration.
Wirelength after detailed placement is 3149.
Timing-driven detailed placement takes 0.59 sec.
Placement done.
Total placement takes 3.11 sec.
Finished placement. (CPU time elapsed 0h:00m:03s)

Routing started.
Building routing graph takes 1.80 sec.
Worst slack is 996613.
Processing design graph takes 0.16 sec.
Total memory for routing:
	47.064034 M.
Total nets for routing : 521.
Global Routing step 1 takes 0.00 sec.
Global Routing step 2 takes 0.00 sec.
Global Routing step 3 takes 0.00 sec.
Global Routing step 1 takes 0.00 sec.
Global Routing step 2 takes 0.00 sec.
Unrouted nets 2 at the end of iteration 0.
Unrouted nets 0 at the end of iteration 1.
Global Routing step 3 takes 0.16 sec.
Global routing takes 0.16 sec.
Total 552 subnets.
    forward max bucket size 83 , backward 19.
        Unrouted nets 371 at the end of iteration 0.
    route iteration 0, CPU time elapsed 0.078125 sec.
    forward max bucket size 25 , backward 32.
        Unrouted nets 271 at the end of iteration 1.
    route iteration 1, CPU time elapsed 0.062500 sec.
    forward max bucket size 21 , backward 43.
        Unrouted nets 206 at the end of iteration 2.
    route iteration 2, CPU time elapsed 0.046875 sec.
    forward max bucket size 24 , backward 43.
        Unrouted nets 147 at the end of iteration 3.
    route iteration 3, CPU time elapsed 0.031250 sec.
    forward max bucket size 24 , backward 59.
        Unrouted nets 88 at the end of iteration 4.
    route iteration 4, CPU time elapsed 0.015625 sec.
    forward max bucket size 26 , backward 22.
        Unrouted nets 66 at the end of iteration 5.
    route iteration 5, CPU time elapsed 0.015625 sec.
    forward max bucket size 20 , backward 26.
        Unrouted nets 39 at the end of iteration 6.
    route iteration 6, CPU time elapsed 0.015625 sec.
    forward max bucket size 23 , backward 27.
        Unrouted nets 25 at the end of iteration 7.
    route iteration 7, CPU time elapsed 0.000000 sec.
    forward max bucket size 19 , backward 37.
        Unrouted nets 8 at the end of iteration 8.
    route iteration 8, CPU time elapsed 0.000000 sec.
    forward max bucket size 16 , backward 11.
        Unrouted nets 4 at the end of iteration 9.
    route iteration 9, CPU time elapsed 0.015625 sec.
    forward max bucket size 15 , backward 28.
        Unrouted nets 2 at the end of iteration 10.
    route iteration 10, CPU time elapsed 0.000000 sec.
    forward max bucket size 10 , backward 11.
        Unrouted nets 0 at the end of iteration 11.
    route iteration 11, CPU time elapsed 0.000000 sec.
Detailed routing takes 0.30 sec.

Dispose routing result:
    Collect routing result.
    Delete unused device instances.
    Annotate routing result.
    Change LUT configuration.
    Dispose misc instances.
    Annotate routing result again.
Finish routing takes 0.28 sec.
Cleanup routing takes 0.08 sec.
Routing done.
Total routing takes 3.02 sec.


Device Utilization Summary :
+----------------------------------------------------------------------------+
|         Logic Utilization|      Used|      Available|      Utilization(%)
+----------------------------------------------------------------------------+
|                Use of ADC|         0|              1|                    0
|                Use of APM|         0|             30|                    0
|               Use of BKCL|         3|              6|                   50
|               Use of CLMA|       102|           3274|                    3
|                        FF|       140|          19644|                    1
|                       LUT|       288|          13096|                    2
|              LUT-FF pairs|       101|          13096|                    1
|               Use of CLMS|        29|           1110|                    3
|                        FF|        39|           6660|                    1
|                       LUT|        64|           4440|                    1
|              LUT-FF pairs|        27|           4440|                    1
|           Distributed RAM|         0|           4440|                    0
|            Use of CRYSTAL|         0|              6|                    0
|                Use of DRM|         0|             48|                    0
|              Use of FLSIF|         0|              1|                    0
|           Use of FUSECODE|         0|              1|                    0
|            Use of HARD0N1|         0|           2745|                    0
|              Use of HMEMC|         0|              2|                    0
|                 Use of IO|        26|            240|                   11
|                      IOBD|        14|            120|                   12
|                      IOBR|         1|              6|                   17
|                      IOBS|        11|            114|                   10
|                       DLL|         0|              6|                    0
|                      DQSL|         0|             18|                    0
|            Use of IOCKDIV|         0|             12|                    0
|            Use of IOCKDLY|         0|             24|                    0
|           Use of IOCKGATE|         0|             12|                    0
|      Use of IOCKGMUX_TEST|         0|             12|                    0
|                Use of IOL|        26|            240|                   11
|               Use of IPAL|         0|              1|                    0
|           Use of MFG_TEST|         0|              1|                    0
|                Use of OSC|         0|              1|                    0
|                Use of PLL|         0|              6|                    0
|       Use of PREGMUX_TEST|         0|              6|                    0
|               Use of RCKB|         0|             24|                    0
|       Use of RCKBMUX_TEST|         0|             12|                    0
|             Use of RESCAL|         0|              6|                    0
|          Use of SCANCHAIN|         0|              4|                    0
|              Use of START|         1|              1|                  100
|               Use of UDID|         0|              1|                    0
|               Use of USCM|         1|             20|                    5
|       Use of USCMMUX_TEST|         0|             20|                    0
|       Use of VCKBMUX_TEST|         0|             12|                    0
+----------------------------------------------------------------------------+

I: critical_path_diff_worst_slack: 0 ps. (place 60000 ps, route 60000 ps)
I: critical_path_diff_same_rate: 0.00%. (route 0, same 0)
Finished routing. (CPU time elapsed 0h:00m:07s)
Design 'smart_car' has been placed and routed successfully.
Saving design to DB.
Action pnr: Real time elapsed is 13.000 sec
Action pnr: CPU time elapsed is 12.672 sec
Current time: Mon Jul 17 18:52:39 2023
Action pnr: Peak memory pool usage is 423,030,784 bytes
Finished placement and routing. (CPU time elapsed 0h:00m:07s)
