#Build: Fabric Configuration 2020.2-Lite, Build 59895, Jul 24 10:35 2020
#Install: D:\pango\PDS_2020.2-Lite\bin
#Application name: cdt_cfg
#OS: Windows 10 10.0.22000
#Hostname: LAPTOP-3DR578RQ
Generated by Fabric Configuration (version 2020.2-Lite build 59895) at Mon Jul 17 18:53:52 2023
Connecting to server[127.0.0.1 : 65420].
Connect to server[127.0.0.1 : 65420] successfully.
COMMAND[check version information] execute successfully, takes 0.0 secs.
The cable List : 
Cable index 0:USB Cable II/fffffffffffffffe 

COMMAND[get_cable_paras] execute successfully, takes 0.9 secs.
PANGO USB CABLE II cable driver: D2XX DLL
COMMAND[Open config cable] execute successfully, takes 4.1 secs.
PANGO USB CABLE II cable driver: D2XX DLL
COMMAND[Open config cable] execute successfully, takes 2.6 secs.
The Start Address of bit file D:/VERILOG/smart_car/prj/generate_bitstream/smart_car.sbit: 0x0
COMMAND[Scan Outer SPI Flash] execute successfully, takes 2.5 secs.
The start address of operating flash is 0x0.
COMMAND[Erase Outer Flash] execute successfully, takes 5.6 secs.
The start address of operating flash is 0x0.
COMMAND[Program Outer Flash] execute successfully, takes 12.1 secs.
The start address of operating flash is 0x0.
COMMAND[Verify Outer Flash] execute successfully, takes 0.9 secs.
