#Build: Fabric Compiler 2020.2-Lite, Build 59895, Jul 24 10:52 2020
#Install: D:\pango\PDS_2020.2-Lite\bin
#Application name: pds_shell
#OS: Windows 10 10.0.22000
#Hostname: LAPTOP-3DR578RQ
Generated by Fabric Compiler (version 2020.2-Lite build 59895) at Mon Jul 17 18:20:30 2023
Compiling verification operator library.
Compiling common defs.
Compiling prim grid devices.
Compiling gate devices.
Compiling gate operators.
Building architecture model.
Loading device packaging model 'MBG324'.
Reading design from DB.
Start Generating Programming File...
Reading design from DB takes 0.343750 sec.
Generating architecture configuration.
The bitstream file is "D:/VERILOG/smart_car/prj/generate_bitstream/smart_car.sbit"
Generate programming file takes 10.906250 sec.
Generating Programming File done.
Action gen_bit_stream: Real time elapsed is 17.000 sec
Action gen_bit_stream: CPU time elapsed is 16.391 sec
Current time: Mon Jul 17 18:20:45 2023
Action gen_bit_stream: Peak memory pool usage is 340,619,264 bytes
