#Build: Fabric Compiler 2020.2-Lite, Build 59895, Jul 24 10:50 2020
#Install: D:\pango\PDS_2020.2-Lite\bin
#Application name: pds
#OS: Windows 10 10.0.22000
#Hostname: LAPTOP-3DR578RQ
Generated by Fabric Compiler (version 2020.2-Lite build 59895) at Fri Jul 14 21:19:42 2023
Compiling architecture definition.
Analyzing project file 'D:/VERILOG/smart_car/prj/smart_car.pds'.
E: FileSystem-0002: Open file 'D:/VERILOG/smart_car/rtl/flow_led.v' failed.
File : 'D:/VERILOG/smart_car/prj/source/rtl/smart_car.v' add in Files successfully.
Compiling architecture definition.
E: Flow-0002: File 'D:/VERILOG/smart_car/rtl/flow_led.v' doesn't exist.
File : 'D:/VERILOG/smart_car/prj/source/rtl/smart_car.v' add in Files successfully.
Compiling architecture definition.
E: Flow-0002: File 'D:/VERILOG/smart_car/rtl/flow_led.v' doesn't exist.
File : 'D:/VERILOG/smart_car/prj/source/rtl/smart_car.v' add in Files successfully.
Compiling architecture definition.
Compiling architecture definition.
I: Flow-6004: Design file modified: "D:/VERILOG/smart_car/prj/source/rtl/smart_car.v". 
E: Flow-0002: File 'D:/VERILOG/smart_car/rtl/flow_led.v' doesn't exist.
